<?xml version="1.0" encoding="UTF-8"?>
<testng-results skipped="0" failed="1" ignored="0" total="2" passed="1">
  <reporter-output>
    <line>
      <![CDATA[login done]]>
    </line>
    <line>
      <![CDATA[Click to see Screenshot]]>
    </line>
    <line>
      <![CDATA[<a target="_blank" href="E:\testcontent\aaa.jpg">Screenshot</a>]]>
    </line>
  </reporter-output>
  <suite name="Data Driven framework" duration-ms="6871" started-at="2019-02-26T06:23:37Z" finished-at="2019-02-26T06:23:43Z">
    <groups>
    </groups>
    <test name="Login" duration-ms="3171" started-at="2019-02-26T06:23:37Z" finished-at="2019-02-26T06:23:40Z">
      <class name="com.w2a.Testcase.LoginTest">
        <test-method status="FAIL" signature="login()[pri:0, instance:com.w2a.Testcase.LoginTest@1f2586d6]" name="login" duration-ms="3147" started-at="2019-02-26T06:23:37Z" finished-at="2019-02-26T06:23:40Z">
          <exception class="java.lang.AssertionError">
            <message>
              <![CDATA[dd]]>
            </message>
            <full-stacktrace>
              <![CDATA[java.lang.AssertionError: dd
at org.testng.Assert.fail(Assert.java:96)
at com.w2a.Testcase.LoginTest.login(LoginTest.java:23)
at sun.reflect.NativeMethodAccessorImpl.invoke0(Native Method)
at sun.reflect.NativeMethodAccessorImpl.invoke(Unknown Source)
at sun.reflect.DelegatingMethodAccessorImpl.invoke(Unknown Source)
at java.lang.reflect.Method.invoke(Unknown Source)
at org.testng.internal.MethodInvocationHelper.invokeMethod(MethodInvocationHelper.java:124)
at org.testng.internal.Invoker.invokeMethod(Invoker.java:580)
at org.testng.internal.Invoker.invokeTestMethod(Invoker.java:716)
at org.testng.internal.Invoker.invokeTestMethods(Invoker.java:988)
at org.testng.internal.TestMethodWorker.invokeTestMethods(TestMethodWorker.java:125)
at org.testng.internal.TestMethodWorker.run(TestMethodWorker.java:109)
at org.testng.TestRunner.privateRun(TestRunner.java:648)
at org.testng.TestRunner.run(TestRunner.java:505)
at org.testng.SuiteRunner.runTest(SuiteRunner.java:455)
at org.testng.SuiteRunner.runSequentially(SuiteRunner.java:450)
at org.testng.SuiteRunner.privateRun(SuiteRunner.java:415)
at org.testng.SuiteRunner.run(SuiteRunner.java:364)
at org.testng.SuiteRunnerWorker.runSuite(SuiteRunnerWorker.java:52)
at org.testng.SuiteRunnerWorker.run(SuiteRunnerWorker.java:84)
at org.testng.TestNG.runSuitesSequentially(TestNG.java:1208)
at org.testng.TestNG.runSuitesLocally(TestNG.java:1137)
at org.testng.TestNG.runSuites(TestNG.java:1049)
at org.testng.TestNG.run(TestNG.java:1017)
at org.testng.remote.AbstractRemoteTestNG.run(AbstractRemoteTestNG.java:114)
at org.testng.remote.RemoteTestNG.initAndRun(RemoteTestNG.java:251)
at org.testng.remote.RemoteTestNG.main(RemoteTestNG.java:77)
]]>
            </full-stacktrace>
          </exception> <!-- java.lang.AssertionError -->
          <reporter-output>
            <line>
              <![CDATA[login done]]>
            </line>
            <line>
              <![CDATA[Click to see Screenshot]]>
            </line>
            <line>
              <![CDATA[<a target="_blank" href="E:\testcontent\aaa.jpg">Screenshot</a>]]>
            </line>
          </reporter-output>
        </test-method> <!-- login -->
      </class> <!-- com.w2a.Testcase.LoginTest -->
    </test> <!-- Login -->
    <test name="Add Customer" duration-ms="3673" started-at="2019-02-26T06:23:40Z" finished-at="2019-02-26T06:23:43Z">
      <class name="com.w2a.Testcase.Addcustomer">
        <test-method status="PASS" signature="setUp()[pri:0, instance:com.w2a.Testcase.Addcustomer@4e08711f]" name="setUp" is-config="true" duration-ms="34959" started-at="2019-02-26T06:23:02Z" finished-at="2019-02-26T06:23:37Z">
          <reporter-output>
          </reporter-output>
        </test-method> <!-- setUp -->
        <test-method status="PASS" signature="addCust(java.lang.String, java.lang.String, java.lang.String)[pri:0, instance:com.w2a.Testcase.Addcustomer@4e08711f]" name="addCust" duration-ms="3652" started-at="2019-02-26T06:23:40Z" data-provider="getData" finished-at="2019-02-26T06:23:43Z">
          <params>
            <param index="0">
              <value>
                <![CDATA[abc]]>
              </value>
            </param>
            <param index="1">
              <value>
                <![CDATA[pqr]]>
              </value>
            </param>
            <param index="2">
              <value>
                <![CDATA[43432.0]]>
              </value>
            </param>
          </params>
          <reporter-output>
          </reporter-output>
        </test-method> <!-- addCust -->
      </class> <!-- com.w2a.Testcase.Addcustomer -->
    </test> <!-- Add Customer -->
  </suite> <!-- Data Driven framework -->
</testng-results>
